# JRE version: Java(TM) SE Runtime Environment (14.0.2+12) (build 14.0.2+12-46)
# Java VM: Java HotSpot(TM) 64-Bit Server VM (14.0.2+12-46, mixed mode, sharing, tiered, compressed oops, parallel gc, windows-amd64)
Heap:
 PSYoungGen      total 9216K, used 1643K [0x00000000eab00000, 0x00000000eb800000, 0x0000000100000000)
  eden space 7168K, 0% used [0x00000000eab00000,0x00000000eab00000,0x00000000eb200000)
  from space 2048K, 80% used [0x00000000eb200000,0x00000000eb39ac18,0x00000000eb400000)
  to   space 2560K, 0% used [0x00000000eb580000,0x00000000eb580000,0x00000000eb800000)
 ParOldGen       total 228352K, used 227014K [0x00000000c0000000, 0x00000000cdf00000, 0x00000000eab00000)
  object space 228352K, 99% used [0x00000000c0000000,0x00000000cddb1bf8,0x00000000cdf00000)
 Metaspace       used 49387K, capacity 52076K, committed 52352K, reserved 1095680K
  class space    used 5429K, capacity 6430K, committed 6528K, reserved 1048576K
GC Heap History (20 events):
Event: 37.982 GC heap after
{Heap after GC invocations=113 (full 7):
 PSYoungGen      total 12800K, used 3555K [0x00000000eab00000, 0x00000000ec100000, 0x0000000100000000)
  eden space 9216K, 0% used [0x00000000eab00000,0x00000000eab00000,0x00000000eb400000)
  from space 3584K, 99% used [0x00000000eb980000,0x00000000ebcf8e38,0x00000000ebd00000)
  to   space 5632K, 0% used [0x00000000eb400000,0x00000000eb400000,0x00000000eb980000)
 ParOldGen       total 228352K, used 207487K [0x00000000c0000000, 0x00000000cdf00000, 0x00000000eab00000)
  object space 228352K, 90% used [0x00000000c0000000,0x00000000cca9fed0,0x00000000cdf00000)
 Metaspace       used 49385K, capacity 52076K, committed 52352K, reserved 1095680K
  class space    used 5429K, capacity 6430K, committed 6528K, reserved 1048576K
}
Event: 38.055 GC heap before
{Heap before GC invocations=114 (full 7):
 PSYoungGen      total 12800K, used 12771K [0x00000000eab00000, 0x00000000ec100000, 0x0000000100000000)
  eden space 9216K, 100% used [0x00000000eab00000,0x00000000eb400000,0x00000000eb400000)
  from space 3584K, 99% used [0x00000000eb980000,0x00000000ebcf8e38,0x00000000ebd00000)
  to   space 5632K, 0% used [0x00000000eb400000,0x00000000eb400000,0x00000000eb980000)
 ParOldGen       total 228352K, used 207487K [0x00000000c0000000, 0x00000000cdf00000, 0x00000000eab00000)
  object space 228352K, 90% used [0x00000000c0000000,0x00000000cca9fed0,0x00000000cdf00000)
 Metaspace       used 49385K, capacity 52076K, committed 52352K, reserved 1095680K
  class space    used 5429K, capacity 6430K, committed 6528K, reserved 1048576K
}
Event: 38.066 GC heap after
{Heap after GC invocations=114 (full 7):
 PSYoungGen      total 11776K, used 2351K [0x00000000eab00000, 0x00000000ebc00000, 0x0000000100000000)
  eden space 9216K, 0% used [0x00000000eab00000,0x00000000eab00000,0x00000000eb400000)
  from space 2560K, 91% used [0x00000000eb400000,0x00000000eb64bd20,0x00000000eb680000)
  to   space 3584K, 0% used [0x00000000eb880000,0x00000000eb880000,0x00000000ebc00000)
 ParOldGen       total 228352K, used 210982K [0x00000000c0000000, 0x00000000cdf00000, 0x00000000eab00000)
  object space 228352K, 92% used [0x00000000c0000000,0x00000000cce09958,0x00000000cdf00000)
 Metaspace       used 49385K, capacity 52076K, committed 52352K, reserved 1095680K
  class space    used 5429K, capacity 6430K, committed 6528K, reserved 1048576K
}
Event: 38.129 GC heap before
{Heap before GC invocations=115 (full 7):
 PSYoungGen      total 11776K, used 11567K [0x00000000eab00000, 0x00000000ebc00000, 0x0000000100000000)
  eden space 9216K, 100% used [0x00000000eab00000,0x00000000eb400000,0x00000000eb400000)
  from space 2560K, 91% used [0x00000000eb400000,0x00000000eb64bd20,0x00000000eb680000)
  to   space 3584K, 0% used [0x00000000eb880000,0x00000000eb880000,0x00000000ebc00000)
 ParOldGen       total 228352K, used 210982K [0x00000000c0000000, 0x00000000cdf00000, 0x00000000eab00000)
  object space 228352K, 92% used [0x00000000c0000000,0x00000000cce09958,0x00000000cdf00000)
 Metaspace       used 49385K, capacity 52076K, committed 52352K, reserved 1095680K
  class space    used 5429K, capacity 6430K, committed 6528K, reserved 1048576K
}
Event: 38.137 GC heap after
{Heap after GC invocations=115 (full 7):
 PSYoungGen      total 12288K, used 3572K [0x00000000eab00000, 0x00000000ebf00000, 0x0000000100000000)
  eden space 8704K, 0% used [0x00000000eab00000,0x00000000eab00000,0x00000000eb380000)
  from space 3584K, 99% used [0x00000000eb880000,0x00000000ebbfd060,0x00000000ebc00000)
  to   space 5120K, 0% used [0x00000000eb380000,0x00000000eb380000,0x00000000eb880000)
 ParOldGen       total 228352K, used 211861K [0x00000000c0000000, 0x00000000cdf00000, 0x00000000eab00000)
  object space 228352K, 92% used [0x00000000c0000000,0x00000000ccee55d8,0x00000000cdf00000)
 Metaspace       used 49385K, capacity 52076K, committed 52352K, reserved 1095680K
  class space    used 5429K, capacity 6430K, committed 6528K, reserved 1048576K
}
Event: 38.200 GC heap before
{Heap before GC invocations=116 (full 7):
 PSYoungGen      total 12288K, used 12276K [0x00000000eab00000, 0x00000000ebf00000, 0x0000000100000000)
  eden space 8704K, 100% used [0x00000000eab00000,0x00000000eb380000,0x00000000eb380000)
  from space 3584K, 99% used [0x00000000eb880000,0x00000000ebbfd060,0x00000000ebc00000)
  to   space 5120K, 0% used [0x00000000eb380000,0x00000000eb380000,0x00000000eb880000)
 ParOldGen       total 228352K, used 211861K [0x00000000c0000000, 0x00000000cdf00000, 0x00000000eab00000)
  object space 228352K, 92% used [0x00000000c0000000,0x00000000ccee55d8,0x00000000cdf00000)
 Metaspace       used 49386K, capacity 52076K, committed 52352K, reserved 1095680K
  class space    used 5429K, capacity 6430K, committed 6528K, reserved 1048576K
}
Event: 38.210 GC heap after
{Heap after GC invocations=116 (full 7):
 PSYoungGen      total 11264K, used 2059K [0x00000000eab00000, 0x00000000eba80000, 0x0000000100000000)
  eden space 8704K, 0% used [0x00000000eab00000,0x00000000eab00000,0x00000000eb380000)
  from space 2560K, 80% used [0x00000000eb380000,0x00000000eb582cf0,0x00000000eb600000)
  to   space 3072K, 0% used [0x00000000eb780000,0x00000000eb780000,0x00000000eba80000)
 ParOldGen       total 228352K, used 215427K [0x00000000c0000000, 0x00000000cdf00000, 0x00000000eab00000)
  object space 228352K, 94% used [0x00000000c0000000,0x00000000cd260f88,0x00000000cdf00000)
 Metaspace       used 49386K, capacity 52076K, committed 52352K, reserved 1095680K
  class space    used 5429K, capacity 6430K, committed 6528K, reserved 1048576K
}
Event: 38.287 GC heap before
{Heap before GC invocations=117 (full 7):
 PSYoungGen      total 11264K, used 10763K [0x00000000eab00000, 0x00000000eba80000, 0x0000000100000000)
  eden space 8704K, 100% used [0x00000000eab00000,0x00000000eb380000,0x00000000eb380000)
  from space 2560K, 80% used [0x00000000eb380000,0x00000000eb582cf0,0x00000000eb600000)
  to   space 3072K, 0% used [0x00000000eb780000,0x00000000eb780000,0x00000000eba80000)
 ParOldGen       total 228352K, used 215427K [0x00000000c0000000, 0x00000000cdf00000, 0x00000000eab00000)
  object space 228352K, 94% used [0x00000000c0000000,0x00000000cd260f88,0x00000000cdf00000)
 Metaspace       used 49386K, capacity 52076K, committed 52352K, reserved 1095680K
  class space    used 5429K, capacity 6430K, committed 6528K, reserved 1048576K
}
Event: 38.297 GC heap after
{Heap after GC invocations=117 (full 7):
 PSYoungGen      total 11264K, used 3041K [0x00000000eab00000, 0x00000000ebd80000, 0x0000000100000000)
  eden space 8192K, 0% used [0x00000000eab00000,0x00000000eab00000,0x00000000eb300000)
  from space 3072K, 99% used [0x00000000eb780000,0x00000000eba78680,0x00000000eba80000)
  to   space 4608K, 0% used [0x00000000eb300000,0x00000000eb300000,0x00000000eb780000)
 ParOldGen       total 228352K, used 216502K [0x00000000c0000000, 0x00000000cdf00000, 0x00000000eab00000)
  object space 228352K, 94% used [0x00000000c0000000,0x00000000cd36d8c8,0x00000000cdf00000)
 Metaspace       used 49386K, capacity 52076K, committed 52352K, reserved 1095680K
  class space    used 5429K, capacity 6430K, committed 6528K, reserved 1048576K
}
Event: 38.380 GC heap before
{Heap before GC invocations=118 (full 7):
 PSYoungGen      total 11264K, used 11233K [0x00000000eab00000, 0x00000000ebd80000, 0x0000000100000000)
  eden space 8192K, 100% used [0x00000000eab00000,0x00000000eb300000,0x00000000eb300000)
  from space 3072K, 99% used [0x00000000eb780000,0x00000000eba78680,0x00000000eba80000)
  to   space 4608K, 0% used [0x00000000eb300000,0x00000000eb300000,0x00000000eb780000)
 ParOldGen       total 228352K, used 216502K [0x00000000c0000000, 0x00000000cdf00000, 0x00000000eab00000)
  object space 228352K, 94% used [0x00000000c0000000,0x00000000cd36d8c8,0x00000000cdf00000)
 Metaspace       used 49386K, capacity 52076K, committed 52352K, reserved 1095680K
  class space    used 5429K, capacity 6430K, committed 6528K, reserved 1048576K
}
Event: 38.389 GC heap after
{Heap after GC invocations=118 (full 7):
 PSYoungGen      total 10240K, used 1976K [0x00000000eab00000, 0x00000000eba00000, 0x0000000100000000)
  eden space 8192K, 0% used [0x00000000eab00000,0x00000000eab00000,0x00000000eb300000)
  from space 2048K, 96% used [0x00000000eb300000,0x00000000eb4ee390,0x00000000eb500000)
  to   space 3072K, 0% used [0x00000000eb700000,0x00000000eb700000,0x00000000eba00000)
 ParOldGen       total 228352K, used 219548K [0x00000000c0000000, 0x00000000cdf00000, 0x00000000eab00000)
  object space 228352K, 96% used [0x00000000c0000000,0x00000000cd6672f0,0x00000000cdf00000)
 Metaspace       used 49386K, capacity 52076K, committed 52352K, reserved 1095680K
  class space    used 5429K, capacity 6430K, committed 6528K, reserved 1048576K
}
Event: 38.444 GC heap before
{Heap before GC invocations=119 (full 7):
 PSYoungGen      total 10240K, used 10168K [0x00000000eab00000, 0x00000000eba00000, 0x0000000100000000)
  eden space 8192K, 100% used [0x00000000eab00000,0x00000000eb300000,0x00000000eb300000)
  from space 2048K, 96% used [0x00000000eb300000,0x00000000eb4ee390,0x00000000eb500000)
  to   space 3072K, 0% used [0x00000000eb700000,0x00000000eb700000,0x00000000eba00000)
 ParOldGen       total 228352K, used 219548K [0x00000000c0000000, 0x00000000cdf00000, 0x00000000eab00000)
  object space 228352K, 96% used [0x00000000c0000000,0x00000000cd6672f0,0x00000000cdf00000)
 Metaspace       used 49387K, capacity 52076K, committed 52352K, reserved 1095680K
  class space    used 5429K, capacity 6430K, committed 6528K, reserved 1048576K
}
Event: 38.456 GC heap after
{Heap after GC invocations=119 (full 7):
 PSYoungGen      total 10752K, used 3040K [0x00000000eab00000, 0x00000000ebd00000, 0x0000000100000000)
  eden space 7680K, 0% used [0x00000000eab00000,0x00000000eab00000,0x00000000eb280000)
  from space 3072K, 98% used [0x00000000eb700000,0x00000000eb9f82d0,0x00000000eba00000)
  to   space 4608K, 0% used [0x00000000eb280000,0x00000000eb280000,0x00000000eb700000)
 ParOldGen       total 228352K, used 220369K [0x00000000c0000000, 0x00000000cdf00000, 0x00000000eab00000)
  object space 228352K, 96% used [0x00000000c0000000,0x00000000cd734548,0x00000000cdf00000)
 Metaspace       used 49387K, capacity 52076K, committed 52352K, reserved 1095680K
  class space    used 5429K, capacity 6430K, committed 6528K, reserved 1048576K
}
Event: 38.501 GC heap before
{Heap before GC invocations=120 (full 7):
 PSYoungGen      total 10752K, used 10720K [0x00000000eab00000, 0x00000000ebd00000, 0x0000000100000000)
  eden space 7680K, 100% used [0x00000000eab00000,0x00000000eb280000,0x00000000eb280000)
  from space 3072K, 98% used [0x00000000eb700000,0x00000000eb9f82d0,0x00000000eba00000)
  to   space 4608K, 0% used [0x00000000eb280000,0x00000000eb280000,0x00000000eb700000)
 ParOldGen       total 228352K, used 220369K [0x00000000c0000000, 0x00000000cdf00000, 0x00000000eab00000)
  object space 228352K, 96% used [0x00000000c0000000,0x00000000cd734548,0x00000000cdf00000)
 Metaspace       used 49387K, capacity 52076K, committed 52352K, reserved 1095680K
  class space    used 5429K, capacity 6430K, committed 6528K, reserved 1048576K
}
Event: 38.511 GC heap after
{Heap after GC invocations=120 (full 7):
 PSYoungGen      total 9728K, used 1804K [0x00000000eab00000, 0x00000000eb880000, 0x0000000100000000)
  eden space 7680K, 0% used [0x00000000eab00000,0x00000000eab00000,0x00000000eb280000)
  from space 2048K, 88% used [0x00000000eb280000,0x00000000eb4432e0,0x00000000eb480000)
  to   space 2560K, 0% used [0x00000000eb600000,0x00000000eb600000,0x00000000eb880000)
 ParOldGen       total 228352K, used 223442K [0x00000000c0000000, 0x00000000cdf00000, 0x00000000eab00000)
  object space 228352K, 97% used [0x00000000c0000000,0x00000000cda34ba8,0x00000000cdf00000)
 Metaspace       used 49387K, capacity 52076K, committed 52352K, reserved 1095680K
  class space    used 5429K, capacity 6430K, committed 6528K, reserved 1048576K
}
Event: 38.563 GC heap before
{Heap before GC invocations=121 (full 7):
 PSYoungGen      total 9728K, used 9478K [0x00000000eab00000, 0x00000000eb880000, 0x0000000100000000)
  eden space 7680K, 99% used [0x00000000eab00000,0x00000000eb27e6d0,0x00000000eb280000)
  from space 2048K, 88% used [0x00000000eb280000,0x00000000eb4432e0,0x00000000eb480000)
  to   space 2560K, 0% used [0x00000000eb600000,0x00000000eb600000,0x00000000eb880000)
 ParOldGen       total 228352K, used 223442K [0x00000000c0000000, 0x00000000cdf00000, 0x00000000eab00000)
  object space 228352K, 97% used [0x00000000c0000000,0x00000000cda34ba8,0x00000000cdf00000)
 Metaspace       used 49387K, capacity 52076K, committed 52352K, reserved 1095680K
  class space    used 5429K, capacity 6430K, committed 6528K, reserved 1048576K
}
Event: 38.570 GC heap after
{Heap after GC invocations=121 (full 7):
 PSYoungGen      total 9728K, used 2542K [0x00000000eab00000, 0x00000000ebb80000, 0x0000000100000000)
  eden space 7168K, 0% used [0x00000000eab00000,0x00000000eab00000,0x00000000eb200000)
  from space 2560K, 99% used [0x00000000eb600000,0x00000000eb87b9d0,0x00000000eb880000)
  to   space 4096K, 0% used [0x00000000eb200000,0x00000000eb200000,0x00000000eb600000)
 ParOldGen       total 228352K, used 224473K [0x00000000c0000000, 0x00000000cdf00000, 0x00000000eab00000)
  object space 228352K, 98% used [0x00000000c0000000,0x00000000cdb36598,0x00000000cdf00000)
 Metaspace       used 49387K, capacity 52076K, committed 52352K, reserved 1095680K
  class space    used 5429K, capacity 6430K, committed 6528K, reserved 1048576K
}
Event: 38.613 GC heap before
{Heap before GC invocations=122 (full 7):
 PSYoungGen      total 9728K, used 9710K [0x00000000eab00000, 0x00000000ebb80000, 0x0000000100000000)
  eden space 7168K, 100% used [0x00000000eab00000,0x00000000eb200000,0x00000000eb200000)
  from space 2560K, 99% used [0x00000000eb600000,0x00000000eb87b9d0,0x00000000eb880000)
  to   space 4096K, 0% used [0x00000000eb200000,0x00000000eb200000,0x00000000eb600000)
 ParOldGen       total 228352K, used 224473K [0x00000000c0000000, 0x00000000cdf00000, 0x00000000eab00000)
  object space 228352K, 98% used [0x00000000c0000000,0x00000000cdb36598,0x00000000cdf00000)
 Metaspace       used 49387K, capacity 52076K, committed 52352K, reserved 1095680K
  class space    used 5429K, capacity 6430K, committed 6528K, reserved 1048576K
}
Event: 38.621 GC heap after
{Heap after GC invocations=122 (full 7):
 PSYoungGen      total 9216K, used 1643K [0x00000000eab00000, 0x00000000eb800000, 0x0000000100000000)
  eden space 7168K, 0% used [0x00000000eab00000,0x00000000eab00000,0x00000000eb200000)
  from space 2048K, 80% used [0x00000000eb200000,0x00000000eb39ac18,0x00000000eb400000)
  to   space 2560K, 0% used [0x00000000eb580000,0x00000000eb580000,0x00000000eb800000)
 ParOldGen       total 228352K, used 227014K [0x00000000c0000000, 0x00000000cdf00000, 0x00000000eab00000)
  object space 228352K, 99% used [0x00000000c0000000,0x00000000cddb1bf8,0x00000000cdf00000)
 Metaspace       used 49387K, capacity 52076K, committed 52352K, reserved 1095680K
  class space    used 5429K, capacity 6430K, committed 6528K, reserved 1048576K
}
Event: 38.621 GC heap before
{Heap before GC invocations=123 (full 8):
 PSYoungGen      total 9216K, used 1643K [0x00000000eab00000, 0x00000000eb800000, 0x0000000100000000)
  eden space 7168K, 0% used [0x00000000eab00000,0x00000000eab00000,0x00000000eb200000)
  from space 2048K, 80% used [0x00000000eb200000,0x00000000eb39ac18,0x00000000eb400000)
  to   space 2560K, 0% used [0x00000000eb580000,0x00000000eb580000,0x00000000eb800000)
 ParOldGen       total 228352K, used 227014K [0x00000000c0000000, 0x00000000cdf00000, 0x00000000eab00000)
  object space 228352K, 99% used [0x00000000c0000000,0x00000000cddb1bf8,0x00000000cdf00000)
 Metaspace       used 49387K, capacity 52076K, committed 52352K, reserved 1095680K
  class space    used 5429K, capacity 6430K, committed 6528K, reserved 1048576K
}

